<?xml version="1.0" encoding="UTF-8"?>
<!-- Generated by org.testng.reporters.JUnitReportReporter -->
<testsuite skipped="0" hostname="LAPTOP-QNDHI2U3" name="testRunner.TestRunner" tests="3" failures="0" timestamp="2023-06-27T12:28:51 IST" time="479.648" errors="0">
  <testcase name="runScenario" time="203.734" classname="testRunner.TestRunner"/>
  <system-out/>
  <testcase name="runScenario" time="129.923" classname="testRunner.TestRunner"/>
  <system-out/>
  <testcase name="runScenario" time="145.991" classname="testRunner.TestRunner"/>
  <system-out/>
</testsuite> <!-- testRunner.TestRunner -->
