<?xml version="1.0" encoding="UTF-8"?>
<!-- Generated by org.testng.reporters.JUnitReportReporter -->
<testsuite skipped="0" hostname="LAPTOP-QNDHI2U3" name="testRunner.TestRunner3" tests="3" failures="0" timestamp="2023-06-27T12:28:51 IST" time="114.710" errors="0">
  <testcase name="runScenario" time="35.107" classname="testRunner.TestRunner3"/>
  <system-out/>
  <testcase name="runScenario" time="34.591" classname="testRunner.TestRunner3"/>
  <system-out/>
  <testcase name="runScenario" time="45.012" classname="testRunner.TestRunner3"/>
  <system-out/>
</testsuite> <!-- testRunner.TestRunner3 -->
